<?xml version="1.0" encoding="UTF-8"?>
<!-- Generated by org.testng.reporters.JUnitXMLReporter -->
<testsuite hostname="ivanchik-Latitude-5580" ignored="0" tests="1" failures="1" timestamp="2019-09-25T17:39:38 EEST" time="0.212" errors="0">
  <testcase name="screenCompare" time="0.072" classname="ScreenCompare">
    <failure type="java.lang.NoClassDefFoundError" message="org/openqa/selenium/remote/SessionNotFoundException">
      <![CDATA[java.lang.NoClassDefFoundError: org/openqa/selenium/remote/SessionNotFoundException
at ScreenCompare.screenCompare(ScreenCompare.java:30)
at java.util.ArrayList.forEach(ArrayList.java:1257)
Caused by: java.lang.ClassNotFoundException: org.openqa.selenium.remote.SessionNotFoundException
at java.net.URLClassLoader.findClass(URLClassLoader.java:382)
at java.lang.ClassLoader.loadClass(ClassLoader.java:424)
at sun.misc.Launcher$AppClassLoader.loadClass(Launcher.java:349)
at java.lang.ClassLoader.loadClass(ClassLoader.java:357)
... 34 more
... Removed 32 stack frames]]>
    </failure>
  </testcase> <!-- screenCompare -->
</testsuite>
